TN:
SF:src/admin/adminRoutes.ts
FN:10,(anonymous_1)
FNF:1
FNH:0
FNDA:0,(anonymous_1)
DA:1,0
DA:2,0
DA:4,0
DA:7,0
DA:10,0
DA:11,0
DA:17,0
LF:7
LH:0
BRF:0
BRH:0
end_of_record
TN:
SF:src/ai/aiRoutes.ts
FN:11,(anonymous_1)
FN:21,(anonymous_2)
FN:44,(anonymous_3)
FN:66,(anonymous_4)
FN:89,(anonymous_5)
FN:116,(anonymous_6)
FN:189,(anonymous_7)
FN:245,(anonymous_8)
FN:264,(anonymous_9)
FN:299,(anonymous_10)
FN:330,(anonymous_11)
FNF:11
FNH:0
FNDA:0,(anonymous_1)
FNDA:0,(anonymous_2)
FNDA:0,(anonymous_3)
FNDA:0,(anonymous_4)
FNDA:0,(anonymous_5)
FNDA:0,(anonymous_6)
FNDA:0,(anonymous_7)
FNDA:0,(anonymous_8)
FNDA:0,(anonymous_9)
FNDA:0,(anonymous_10)
FNDA:0,(anonymous_11)
DA:1,0
DA:2,0
DA:3,0
DA:4,0
DA:7,0
DA:8,0
DA:11,0
DA:12,0
DA:13,0
DA:14,0
DA:16,0
DA:17,0
DA:21,0
DA:22,0
DA:23,0
DA:24,0
DA:27,0
DA:29,0
DA:35,0
DA:36,0
DA:44,0
DA:45,0
DA:46,0
DA:47,0
DA:50,0
DA:52,0
DA:57,0
DA:58,0
DA:66,0
DA:67,0
DA:68,0
DA:69,0
DA:70,0
DA:73,0
DA:75,0
DA:80,0
DA:81,0
DA:89,0
DA:90,0
DA:91,0
DA:92,0
DA:93,0
DA:96,0
DA:98,0
DA:103,0
DA:104,0
DA:112,0
DA:117,0
DA:118,0
DA:119,0
DA:120,0
DA:127,0
DA:130,0
DA:133,0
DA:142,0
DA:143,0
DA:147,0
DA:155,0
DA:164,0
DA:165,0
DA:168,0
DA:177,0
DA:178,0
DA:186,0
DA:190,0
DA:191,0
DA:192,0
DA:193,0
DA:200,0
DA:203,0
DA:206,0
DA:220,0
DA:221,0
DA:224,0
DA:232,0
DA:233,0
DA:241,0
DA:246,0
DA:247,0
DA:248,0
DA:249,0
DA:256,0
DA:259,0
DA:262,0
DA:264,0
DA:276,0
DA:277,0
DA:280,0
DA:288,0
DA:289,0
DA:297,0
DA:300,0
DA:301,0
DA:302,0
DA:303,0
DA:310,0
DA:313,0
DA:315,0
DA:321,0
DA:322,0
DA:330,0
DA:331,0
DA:333,0
DA:335,0
DA:342,0
DA:343,0
DA:353,0
LF:107
LH:0
BRDA:12,0,0,0
BRDA:12,1,0,0
BRDA:12,1,1,0
BRDA:23,2,0,0
BRDA:46,3,0,0
BRDA:69,4,0,0
BRDA:92,5,0,0
BRDA:119,6,0,0
BRDA:127,7,0,0
BRDA:142,8,0,0
BRDA:151,9,0,0
BRDA:151,9,1,0
BRDA:160,10,0,0
BRDA:160,10,1,0
BRDA:164,11,0,0
BRDA:192,12,0,0
BRDA:208,13,0,0
BRDA:208,13,1,0
BRDA:211,14,0,0
BRDA:211,14,1,0
BRDA:220,15,0,0
BRDA:248,16,0,0
BRDA:276,17,0,0
BRDA:302,18,0,0
BRDA:347,19,0,0
BRDA:347,19,1,0
BRF:26
BRH:0
end_of_record
TN:
SF:src/ai/aiService.ts
FN:55,(anonymous_1)
FN:66,(anonymous_2)
FN:74,(anonymous_3)
FN:91,(anonymous_4)
FN:99,(anonymous_5)
FN:106,(anonymous_6)
FN:127,(anonymous_7)
FN:175,(anonymous_8)
FN:177,(anonymous_9)
FN:243,(anonymous_10)
FN:264,(anonymous_11)
FN:291,(anonymous_12)
FN:304,(anonymous_13)
FN:315,(anonymous_14)
FN:327,(anonymous_15)
FN:334,(anonymous_16)
FN:342,(anonymous_17)
FN:351,(anonymous_18)
FN:361,(anonymous_19)
FN:389,(anonymous_20)
FN:391,(anonymous_21)
FNF:21
FNH:0
FNDA:0,(anonymous_1)
FNDA:0,(anonymous_2)
FNDA:0,(anonymous_3)
FNDA:0,(anonymous_4)
FNDA:0,(anonymous_5)
FNDA:0,(anonymous_6)
FNDA:0,(anonymous_7)
FNDA:0,(anonymous_8)
FNDA:0,(anonymous_9)
FNDA:0,(anonymous_10)
FNDA:0,(anonymous_11)
FNDA:0,(anonymous_12)
FNDA:0,(anonymous_13)
FNDA:0,(anonymous_14)
FNDA:0,(anonymous_15)
FNDA:0,(anonymous_16)
FNDA:0,(anonymous_17)
FNDA:0,(anonymous_18)
FNDA:0,(anonymous_19)
FNDA:0,(anonymous_20)
FNDA:0,(anonymous_21)
DA:1,0
DA:2,0
DA:3,0
DA:4,0
DA:51,0
DA:56,0
DA:57,0
DA:58,0
DA:61,0
DA:67,0
DA:68,0
DA:70,0
DA:75,0
DA:77,0
DA:86,0
DA:87,0
DA:92,0
DA:99,0
DA:107,0
DA:109,0
DA:119,0
DA:128,0
DA:129,0
DA:153,0
DA:154,0
DA:155,0
DA:159,0
DA:160,0
DA:167,0
DA:170,0
DA:176,0
DA:177,0
DA:179,0
DA:218,0
DA:219,0
DA:221,0
DA:222,0
DA:223,0
DA:224,0
DA:225,0
DA:228,0
DA:229,0
DA:230,0
DA:234,0
DA:249,0
DA:250,0
DA:262,0
DA:264,0
DA:271,0
DA:278,0
DA:279,0
DA:280,0
DA:283,0
DA:285,0
DA:286,0
DA:292,0
DA:306,0
DA:317,0
DA:328,0
DA:334,0
DA:344,0
DA:350,0
DA:351,0
DA:352,0
DA:356,0
DA:357,0
DA:367,0
DA:368,0
DA:376,0
DA:377,0
DA:379,0
DA:380,0
DA:388,0
DA:389,0
DA:390,0
DA:391,0
DA:393,0
DA:402,0
LF:78
LH:0
BRDA:57,0,0,0
BRDA:67,1,0,0
BRDA:107,2,0,0
BRDA:122,3,0,0
BRDA:122,3,1,0
BRDA:154,4,0,0
BRDA:161,5,0,0
BRDA:161,5,1,0
BRDA:162,6,0,0
BRDA:162,6,1,0
BRDA:163,7,0,0
BRDA:163,7,1,0
BRDA:164,8,0,0
BRDA:164,8,1,0
BRDA:224,9,0,0
BRDA:228,10,0,0
BRDA:246,11,0,0
BRDA:247,12,0,0
BRDA:258,13,0,0
BRDA:258,13,1,0
BRDA:265,14,0,0
BRDA:265,14,1,0
BRDA:279,15,0,0
BRDA:367,16,0,0
BRDA:379,17,0,0
BRDA:379,18,0,0
BRDA:379,18,1,0
BRF:27
BRH:0
end_of_record
TN:
SF:src/analytics/analyticsRoutes.ts
FN:10,(anonymous_1)
FNF:1
FNH:0
FNDA:0,(anonymous_1)
DA:1,0
DA:2,0
DA:4,0
DA:7,0
DA:10,0
DA:11,0
DA:17,0
LF:7
LH:0
BRF:0
BRH:0
end_of_record
TN:
SF:src/auth/authController.ts
FN:7,(anonymous_0)
FN:62,(anonymous_1)
FN:88,(anonymous_2)
FN:115,(anonymous_3)
FN:148,(anonymous_4)
FNF:5
FNH:0
FNDA:0,(anonymous_0)
FNDA:0,(anonymous_1)
FNDA:0,(anonymous_2)
FNDA:0,(anonymous_3)
FNDA:0,(anonymous_4)
DA:2,0
DA:4,0
DA:6,0
DA:8,0
DA:9,0
DA:11,0
DA:12,0
DA:13,0
DA:17,0
DA:24,0
DA:39,0
DA:41,0
DA:43,0
DA:53,0
DA:54,0
DA:55,0
DA:57,0
DA:63,0
DA:64,0
DA:66,0
DA:67,0
DA:68,0
DA:74,0
DA:79,0
DA:80,0
DA:81,0
DA:83,0
DA:89,0
DA:90,0
DA:91,0
DA:92,0
DA:95,0
DA:97,0
DA:98,0
DA:99,0
DA:102,0
DA:106,0
DA:107,0
DA:108,0
DA:110,0
DA:116,0
DA:117,0
DA:118,0
DA:119,0
DA:122,0
DA:123,0
DA:127,0
DA:128,0
DA:129,0
DA:131,0
DA:133,0
DA:135,0
DA:139,0
DA:140,0
DA:141,0
DA:143,0
DA:149,0
DA:150,0
DA:151,0
DA:152,0
DA:156,0
DA:159,0
DA:161,0
DA:163,0
DA:167,0
DA:168,0
DA:169,0
DA:171,0
LF:68
LH:0
BRDA:11,0,0,0
BRDA:11,1,0,0
BRDA:11,1,1,0
BRDA:11,1,2,0
BRDA:54,2,0,0
BRDA:54,2,1,0
BRDA:66,3,0,0
BRDA:66,4,0,0
BRDA:66,4,1,0
BRDA:80,5,0,0
BRDA:80,5,1,0
BRDA:90,6,0,0
BRDA:97,7,0,0
BRDA:107,8,0,0
BRDA:107,8,1,0
BRDA:117,9,0,0
BRDA:127,10,0,0
BRDA:128,11,0,0
BRDA:129,12,0,0
BRDA:140,13,0,0
BRDA:140,13,1,0
BRDA:150,14,0,0
BRDA:168,15,0,0
BRDA:168,15,1,0
BRF:24
BRH:0
end_of_record
TN:
SF:src/auth/authRoutes.ts
FNF:0
FNH:0
DA:1,0
DA:2,0
DA:4,0
DA:7,0
DA:8,0
DA:9,0
DA:10,0
DA:11,0
DA:13,0
LF:9
LH:0
BRF:0
BRH:0
end_of_record
TN:
SF:src/chat/messageRoutes.ts
FN:15,(anonymous_1)
FN:43,(anonymous_2)
FN:82,(anonymous_3)
FNF:3
FNH:0
FNDA:0,(anonymous_1)
FNDA:0,(anonymous_2)
FNDA:0,(anonymous_3)
DA:1,0
DA:2,0
DA:3,0
DA:4,0
DA:6,0
DA:8,0
DA:9,0
DA:12,0
DA:15,0
DA:16,0
DA:17,0
DA:18,0
DA:19,0
DA:25,0
DA:27,0
DA:32,0
DA:33,0
DA:41,0
DA:44,0
DA:45,0
DA:46,0
DA:47,0
DA:54,0
DA:55,0
DA:56,0
DA:62,0
DA:66,0
DA:68,0
DA:73,0
DA:74,0
DA:82,0
DA:83,0
DA:84,0
DA:85,0
DA:86,0
DA:92,0
DA:94,0
DA:99,0
DA:100,0
DA:107,0
LF:40
LH:0
BRDA:18,0,0,0
BRDA:46,1,0,0
BRDA:55,2,0,0
BRDA:85,3,0,0
BRDA:102,4,0,0
BRDA:102,4,1,0
BRF:6
BRH:0
end_of_record
TN:
SF:src/chat/messageService.ts
FN:8,(anonymous_0)
FN:10,(anonymous_1)
FN:18,(anonymous_2)
FN:27,(anonymous_3)
FN:39,(anonymous_4)
FN:67,(anonymous_5)
FN:98,(anonymous_6)
FNF:7
FNH:0
FNDA:0,(anonymous_0)
FNDA:0,(anonymous_1)
FNDA:0,(anonymous_2)
FNDA:0,(anonymous_3)
FNDA:0,(anonymous_4)
FNDA:0,(anonymous_5)
FNDA:0,(anonymous_6)
DA:2,0
DA:3,0
DA:5,0
DA:11,0
DA:12,0
DA:14,0
DA:19,0
DA:20,0
DA:27,0
DA:33,0
DA:34,0
DA:40,0
DA:41,0
DA:47,0
DA:54,0
DA:56,0
DA:61,0
DA:62,0
DA:68,0
DA:70,0
DA:75,0
DA:76,0
DA:79,0
DA:80,0
DA:81,0
DA:84,0
DA:86,0
DA:87,0
DA:90,0
DA:92,0
DA:93,0
DA:99,0
DA:100,0
DA:107,0
DA:109,0
DA:110,0
DA:115,0
LF:37
LH:0
BRDA:11,0,0,0
BRDA:75,1,0,0
BRDA:80,2,0,0
BRDA:86,3,0,0
BRF:4
BRH:0
end_of_record
TN:
SF:src/email/emailRoutes.ts
FN:17,(anonymous_1)
FN:43,(anonymous_2)
FN:86,(anonymous_3)
FN:125,(anonymous_4)
FN:161,(anonymous_5)
FN:180,(anonymous_6)
FN:210,(anonymous_7)
FN:256,(anonymous_8)
FNF:8
FNH:0
FNDA:0,(anonymous_1)
FNDA:0,(anonymous_2)
FNDA:0,(anonymous_3)
FNDA:0,(anonymous_4)
FNDA:0,(anonymous_5)
FNDA:0,(anonymous_6)
FNDA:0,(anonymous_7)
FNDA:0,(anonymous_8)
DA:1,0
DA:2,0
DA:3,0
DA:5,0
DA:6,0
DA:8,0
DA:11,0
DA:18,0
DA:19,0
DA:20,0
DA:21,0
DA:24,0
DA:25,0
DA:27,0
DA:28,0
DA:30,0
DA:33,0
DA:34,0
DA:39,0
DA:44,0
DA:45,0
DA:46,0
DA:47,0
DA:54,0
DA:56,0
DA:62,0
DA:63,0
DA:68,0
DA:74,0
DA:75,0
DA:83,0
DA:87,0
DA:88,0
DA:89,0
DA:90,0
DA:97,0
DA:99,0
DA:101,0
DA:102,0
DA:107,0
DA:113,0
DA:114,0
DA:122,0
DA:126,0
DA:127,0
DA:128,0
DA:129,0
DA:136,0
DA:138,0
DA:140,0
DA:141,0
DA:146,0
DA:152,0
DA:153,0
DA:161,0
DA:162,0
DA:163,0
DA:165,0
DA:171,0
DA:172,0
DA:180,0
DA:181,0
DA:182,0
DA:184,0
DA:197,0
DA:198,0
DA:205,0
DA:211,0
DA:212,0
DA:213,0
DA:214,0
DA:217,0
DA:220,0
DA:221,0
DA:223,0
DA:225,0
DA:226,0
DA:227,0
DA:229,0
DA:230,0
DA:231,0
DA:233,0
DA:236,0
DA:238,0
DA:239,0
DA:241,0
DA:244,0
DA:245,0
DA:249,0
DA:257,0
DA:258,0
DA:259,0
DA:260,0
DA:263,0
DA:264,0
DA:266,0
DA:267,0
DA:269,0
DA:272,0
DA:273,0
DA:277,0
LF:101
LH:0
BRDA:20,0,0,0
BRDA:25,1,0,0
BRDA:25,1,1,0
BRDA:27,2,0,0
BRDA:27,2,1,0
BRDA:46,3,0,0
BRDA:62,4,0,0
BRDA:62,4,1,0
BRDA:89,5,0,0
BRDA:101,6,0,0
BRDA:101,6,1,0
BRDA:128,7,0,0
BRDA:140,8,0,0
BRDA:140,8,1,0
BRDA:168,9,0,0
BRDA:168,9,1,0
BRDA:190,10,0,0
BRDA:190,10,1,0
BRDA:191,11,0,0
BRDA:191,11,1,0
BRDA:192,12,0,0
BRDA:192,12,1,0
BRDA:193,13,0,0
BRDA:193,13,1,0
BRDA:213,14,0,0
BRDA:223,15,0,0
BRDA:223,15,1,0
BRDA:223,15,2,0
BRDA:238,16,0,0
BRDA:238,16,1,0
BRDA:259,17,0,0
BRDA:264,18,0,0
BRDA:264,18,1,0
BRDA:266,19,0,0
BRDA:266,19,1,0
BRF:35
BRH:0
end_of_record
TN:
SF:src/email/emailService.ts
FN:21,(anonymous_1)
FN:33,(anonymous_2)
FN:52,(anonymous_3)
FN:104,(anonymous_4)
FN:124,(anonymous_5)
FN:144,(anonymous_6)
FN:146,(anonymous_7)
FN:156,(anonymous_8)
FN:166,(anonymous_9)
FN:177,(anonymous_10)
FNF:10
FNH:0
FNDA:0,(anonymous_1)
FNDA:0,(anonymous_2)
FNDA:0,(anonymous_3)
FNDA:0,(anonymous_4)
FNDA:0,(anonymous_5)
FNDA:0,(anonymous_6)
FNDA:0,(anonymous_7)
FNDA:0,(anonymous_8)
FNDA:0,(anonymous_9)
FNDA:0,(anonymous_10)
DA:1,0
DA:2,0
DA:18,0
DA:22,0
DA:34,0
DA:35,0
DA:43,0
DA:44,0
DA:45,0
DA:47,0
DA:48,0
DA:57,0
DA:96,0
DA:97,0
DA:105,0
DA:117,0
DA:125,0
DA:126,0
DA:137,0
DA:145,0
DA:146,0
DA:147,0
DA:155,0
DA:156,0
DA:158,0
DA:159,0
DA:161,0
DA:162,0
DA:167,0
DA:178,0
DA:179,0
DA:180,0
DA:181,0
DA:183,0
DA:184,0
DA:189,0
LF:36
LH:0
BRDA:23,0,0,0
BRDA:23,0,1,0
BRDA:24,1,0,0
BRDA:24,1,1,0
BRDA:27,2,0,0
BRDA:27,2,1,0
BRDA:28,3,0,0
BRDA:28,3,1,0
BRDA:36,4,0,0
BRDA:36,4,1,0
BRDA:36,4,2,0
BRDA:40,5,0,0
BRDA:40,5,1,0
BRDA:151,6,0,0
BRDA:151,6,1,0
BRF:15
BRH:0
end_of_record
TN:
SF:src/middleware/auth.ts
FN:4,(anonymous_0)
FN:24,(anonymous_1)
FN:25,(anonymous_2)
FNF:3
FNH:0
FNDA:0,(anonymous_0)
FNDA:0,(anonymous_1)
FNDA:0,(anonymous_2)
DA:4,0
DA:5,0
DA:6,0
DA:8,0
DA:9,0
DA:10,0
DA:15,0
DA:21,0
DA:24,0
DA:25,0
DA:26,0
DA:28,0
DA:29,0
DA:30,0
DA:34,0
DA:35,0
DA:36,0
DA:39,0
LF:18
LH:0
BRDA:6,0,0,0
BRDA:6,0,1,0
BRDA:8,1,0,0
BRDA:28,2,0,0
BRDA:34,3,0,0
BRF:5
BRH:0
end_of_record
TN:
SF:src/migrations/migrationRoutes.ts
FN:14,(anonymous_1)
FN:28,(anonymous_2)
FN:51,(anonymous_3)
FN:70,(anonymous_4)
FN:101,(anonymous_5)
FN:132,(anonymous_6)
FNF:6
FNH:0
FNDA:0,(anonymous_1)
FNDA:0,(anonymous_2)
FNDA:0,(anonymous_3)
FNDA:0,(anonymous_4)
FNDA:0,(anonymous_5)
FNDA:0,(anonymous_6)
DA:1,0
DA:2,0
DA:4,0
DA:5,0
DA:7,0
DA:8,0
DA:11,0
DA:15,0
DA:16,0
DA:17,0
DA:19,0
DA:20,0
DA:25,0
DA:29,0
DA:30,0
DA:31,0
DA:32,0
DA:35,0
DA:36,0
DA:37,0
DA:40,0
DA:42,0
DA:43,0
DA:48,0
DA:52,0
DA:53,0
DA:54,0
DA:55,0
DA:58,0
DA:59,0
DA:61,0
DA:62,0
DA:67,0
DA:71,0
DA:72,0
DA:74,0
DA:75,0
DA:78,0
DA:80,0
DA:81,0
DA:86,0
DA:92,0
DA:93,0
DA:98,0
DA:102,0
DA:103,0
DA:105,0
DA:106,0
DA:109,0
DA:111,0
DA:112,0
DA:117,0
DA:123,0
DA:124,0
DA:129,0
DA:133,0
DA:134,0
DA:135,0
DA:137,0
DA:146,0
DA:147,0
DA:151,0
LF:62
LH:0
BRDA:31,0,0,0
BRDA:36,1,0,0
BRDA:54,2,0,0
BRDA:74,3,0,0
BRDA:80,4,0,0
BRDA:80,4,1,0
BRDA:105,5,0,0
BRDA:111,6,0,0
BRDA:111,6,1,0
BRF:9
BRH:0
end_of_record
TN:
SF:src/migrations/migrationService.ts
FN:36,(anonymous_0)
FN:40,(anonymous_1)
FN:47,(anonymous_2)
FN:66,(anonymous_3)
FN:78,(anonymous_4)
FN:98,(anonymous_5)
FN:109,(anonymous_6)
FN:131,(anonymous_7)
FN:143,(anonymous_8)
FN:166,(anonymous_9)
FN:177,(anonymous_10)
FN:201,(anonymous_11)
FN:207,(anonymous_12)
FN:212,(anonymous_13)
FN:215,(anonymous_14)
FN:225,(anonymous_15)
FN:229,(anonymous_16)
FN:230,(anonymous_17)
FN:241,(anonymous_18)
FN:244,(anonymous_19)
FN:247,(anonymous_20)
FN:248,(anonymous_21)
FN:255,(anonymous_22)
FN:333,(anonymous_23)
FN:337,(anonymous_24)
FN:338,(anonymous_25)
FN:369,(anonymous_26)
FN:372,(anonymous_27)
FN:374,(anonymous_28)
FN:386,(anonymous_29)
FN:400,(anonymous_30)
FN:410,(anonymous_31)
FN:430,(anonymous_32)
FN:439,(anonymous_33)
FN:443,(anonymous_34)
FN:453,(anonymous_35)
FN:458,(anonymous_36)
FN:462,(anonymous_37)
FN:463,(anonymous_38)
FN:485,(anonymous_39)
FNF:40
FNH:0
FNDA:0,(anonymous_0)
FNDA:0,(anonymous_1)
FNDA:0,(anonymous_2)
FNDA:0,(anonymous_3)
FNDA:0,(anonymous_4)
FNDA:0,(anonymous_5)
FNDA:0,(anonymous_6)
FNDA:0,(anonymous_7)
FNDA:0,(anonymous_8)
FNDA:0,(anonymous_9)
FNDA:0,(anonymous_10)
FNDA:0,(anonymous_11)
FNDA:0,(anonymous_12)
FNDA:0,(anonymous_13)
FNDA:0,(anonymous_14)
FNDA:0,(anonymous_15)
FNDA:0,(anonymous_16)
FNDA:0,(anonymous_17)
FNDA:0,(anonymous_18)
FNDA:0,(anonymous_19)
FNDA:0,(anonymous_20)
FNDA:0,(anonymous_21)
FNDA:0,(anonymous_22)
FNDA:0,(anonymous_23)
FNDA:0,(anonymous_24)
FNDA:0,(anonymous_25)
FNDA:0,(anonymous_26)
FNDA:0,(anonymous_27)
FNDA:0,(anonymous_28)
FNDA:0,(anonymous_29)
FNDA:0,(anonymous_30)
FNDA:0,(anonymous_31)
FNDA:0,(anonymous_32)
FNDA:0,(anonymous_33)
FNDA:0,(anonymous_34)
FNDA:0,(anonymous_35)
FNDA:0,(anonymous_36)
FNDA:0,(anonymous_37)
FNDA:0,(anonymous_38)
FNDA:0,(anonymous_39)
DA:1,0
DA:2,0
DA:32,0
DA:33,0
DA:34,0
DA:37,0
DA:42,0
DA:48,0
DA:49,0
DA:51,0
DA:52,0
DA:53,0
DA:54,0
DA:63,0
DA:64,0
DA:68,0
DA:73,0
DA:79,0
DA:80,0
DA:82,0
DA:83,0
DA:84,0
DA:85,0
DA:95,0
DA:96,0
DA:99,0
DA:104,0
DA:111,0
DA:122,0
DA:123,0
DA:124,0
DA:125,0
DA:129,0
DA:133,0
DA:138,0
DA:144,0
DA:145,0
DA:147,0
DA:148,0
DA:149,0
DA:150,0
DA:163,0
DA:164,0
DA:167,0
DA:172,0
DA:178,0
DA:179,0
DA:181,0
DA:182,0
DA:183,0
DA:184,0
DA:190,0
DA:198,0
DA:199,0
DA:202,0
DA:208,0
DA:209,0
DA:213,0
DA:214,0
DA:215,0
DA:220,0
DA:221,0
DA:226,0
DA:228,0
DA:229,0
DA:230,0
DA:242,0
DA:243,0
DA:244,0
DA:246,0
DA:247,0
DA:248,0
DA:250,0
DA:251,0
DA:256,0
DA:257,0
DA:259,0
DA:260,0
DA:261,0
DA:264,0
DA:265,0
DA:267,0
DA:269,0
DA:270,0
DA:273,0
DA:274,0
DA:277,0
DA:278,0
DA:279,0
DA:280,0
DA:285,0
DA:287,0
DA:290,0
DA:299,0
DA:300,0
DA:303,0
DA:306,0
DA:316,0
DA:317,0
DA:320,0
DA:324,0
DA:325,0
DA:328,0
DA:329,0
DA:334,0
DA:335,0
DA:336,0
DA:337,0
DA:338,0
DA:340,0
DA:341,0
DA:343,0
DA:344,0
DA:345,0
DA:346,0
DA:347,0
DA:348,0
DA:349,0
DA:352,0
DA:353,0
DA:354,0
DA:355,0
DA:357,0
DA:358,0
DA:362,0
DA:364,0
DA:365,0
DA:370,0
DA:371,0
DA:372,0
DA:374,0
DA:376,0
DA:381,0
DA:382,0
DA:387,0
DA:388,0
DA:389,0
DA:391,0
DA:401,0
DA:402,0
DA:403,0
DA:405,0
DA:406,0
DA:411,0
DA:412,0
DA:413,0
DA:414,0
DA:419,0
DA:420,0
DA:423,0
DA:425,0
DA:426,0
DA:431,0
DA:432,0
DA:434,0
DA:440,0
DA:444,0
DA:449,0
DA:450,0
DA:454,0
DA:455,0
DA:459,0
DA:462,0
DA:463,0
DA:465,0
DA:466,0
DA:470,0
DA:471,0
DA:472,0
DA:473,0
DA:474,0
DA:479,0
DA:486,0
DA:487,0
DA:490,0
DA:491,0
DA:492,0
DA:495,0
DA:497,0
DA:498,0
DA:499,0
DA:500,0
DA:504,0
DA:505,0
DA:509,0
LF:185
LH:0
BRDA:53,0,0,0
BRDA:84,1,0,0
BRDA:88,2,0,0
BRDA:88,2,1,0
BRDA:123,3,0,0
BRDA:124,4,0,0
BRDA:149,5,0,0
BRDA:183,6,0,0
BRDA:187,7,0,0
BRDA:187,7,1,0
BRDA:236,8,0,0
BRDA:236,8,1,0
BRDA:259,9,0,0
BRDA:269,10,0,0
BRDA:269,11,0,0
BRDA:269,11,1,0
BRDA:277,12,0,0
BRDA:279,13,0,0
BRDA:313,14,0,0
BRDA:313,14,1,0
BRDA:346,15,0,0
BRDA:389,16,0,0
BRDA:389,16,1,0
BRDA:395,17,0,0
BRDA:395,17,1,0
BRDA:396,18,0,0
BRDA:396,18,1,0
BRDA:396,19,0,0
BRDA:396,19,1,0
BRDA:403,20,0,0
BRDA:403,20,1,0
BRDA:413,21,0,0
BRDA:419,22,0,0
BRDA:419,23,0,0
BRDA:419,23,1,0
BRDA:465,24,0,0
BRDA:471,25,0,0
BRDA:473,26,0,0
BRDA:486,27,0,0
BRDA:491,28,0,0
BRDA:491,29,0,0
BRDA:491,29,1,0
BRDA:499,30,0,0
BRF:43
BRH:0
end_of_record
TN:
SF:src/notifications/notificationRoutes.ts
FN:19,(anonymous_1)
FN:57,(anonymous_2)
FN:85,(anonymous_3)
FN:111,(anonymous_4)
FN:129,(anonymous_5)
FN:155,(anonymous_6)
FNF:6
FNH:0
FNDA:0,(anonymous_1)
FNDA:0,(anonymous_2)
FNDA:0,(anonymous_3)
FNDA:0,(anonymous_4)
FNDA:0,(anonymous_5)
FNDA:0,(anonymous_6)
DA:1,0
DA:2,0
DA:3,0
DA:4,0
DA:6,0
DA:8,0
DA:9,0
DA:12,0
DA:15,0
DA:20,0
DA:21,0
DA:22,0
DA:23,0
DA:30,0
DA:31,0
DA:32,0
DA:34,0
DA:41,0
DA:46,0
DA:47,0
DA:55,0
DA:58,0
DA:59,0
DA:60,0
DA:61,0
DA:68,0
DA:69,0
DA:71,0
DA:76,0
DA:77,0
DA:85,0
DA:86,0
DA:87,0
DA:88,0
DA:89,0
DA:95,0
DA:97,0
DA:102,0
DA:103,0
DA:111,0
DA:112,0
DA:113,0
DA:115,0
DA:120,0
DA:121,0
DA:129,0
DA:130,0
DA:131,0
DA:132,0
DA:133,0
DA:139,0
DA:141,0
DA:146,0
DA:147,0
DA:155,0
DA:156,0
DA:157,0
DA:159,0
DA:164,0
DA:165,0
DA:172,0
LF:61
LH:0
BRDA:22,0,0,0
BRDA:30,1,0,0
BRDA:30,1,1,0
BRDA:31,2,0,0
BRDA:31,2,1,0
BRDA:60,3,0,0
BRDA:88,4,0,0
BRDA:105,5,0,0
BRDA:105,5,1,0
BRDA:132,6,0,0
BRDA:149,7,0,0
BRDA:149,7,1,0
BRF:12
BRH:0
end_of_record
TN:
SF:src/notifications/notificationService.ts
FN:8,(anonymous_0)
FN:16,(anonymous_1)
FN:41,(anonymous_2)
FN:68,(anonymous_3)
FN:85,(anonymous_4)
FN:89,(anonymous_5)
FN:113,(anonymous_6)
FN:123,(anonymous_7)
FN:137,(anonymous_8)
FN:141,(anonymous_9)
FN:165,(anonymous_10)
FN:174,(anonymous_11)
FN:188,(anonymous_12)
FN:202,(anonymous_13)
FN:213,(anonymous_14)
FNF:15
FNH:0
FNDA:0,(anonymous_0)
FNDA:0,(anonymous_1)
FNDA:0,(anonymous_2)
FNDA:0,(anonymous_3)
FNDA:0,(anonymous_4)
FNDA:0,(anonymous_5)
FNDA:0,(anonymous_6)
FNDA:0,(anonymous_7)
FNDA:0,(anonymous_8)
FNDA:0,(anonymous_9)
FNDA:0,(anonymous_10)
FNDA:0,(anonymous_11)
FNDA:0,(anonymous_12)
FNDA:0,(anonymous_13)
FNDA:0,(anonymous_14)
DA:1,0
DA:3,0
DA:5,0
DA:9,0
DA:10,0
DA:12,0
DA:17,0
DA:18,0
DA:20,0
DA:30,0
DA:32,0
DA:33,0
DA:35,0
DA:36,0
DA:47,0
DA:48,0
DA:50,0
DA:51,0
DA:54,0
DA:60,0
DA:61,0
DA:68,0
DA:73,0
DA:79,0
DA:80,0
DA:86,0
DA:87,0
DA:89,0
DA:90,0
DA:92,0
DA:93,0
DA:96,0
DA:98,0
DA:99,0
DA:102,0
DA:105,0
DA:107,0
DA:108,0
DA:114,0
DA:115,0
DA:117,0
DA:123,0
DA:124,0
DA:127,0
DA:129,0
DA:131,0
DA:132,0
DA:138,0
DA:139,0
DA:141,0
DA:142,0
DA:144,0
DA:145,0
DA:148,0
DA:150,0
DA:151,0
DA:154,0
DA:157,0
DA:159,0
DA:160,0
DA:166,0
DA:167,0
DA:169,0
DA:174,0
DA:175,0
DA:178,0
DA:180,0
DA:182,0
DA:183,0
DA:194,0
DA:206,0
DA:214,0
DA:215,0
DA:217,0
DA:218,0
DA:221,0
DA:222,0
DA:224,0
DA:225,0
DA:230,0
LF:80
LH:0
BRDA:9,0,0,0
BRDA:24,1,0,0
BRDA:24,1,1,0
BRDA:43,2,0,0
BRDA:44,3,0,0
BRDA:45,4,0,0
BRDA:50,5,0,0
BRDA:92,6,0,0
BRDA:98,7,0,0
BRDA:144,8,0,0
BRDA:150,9,0,0
BRDA:213,10,0,0
BRDA:217,11,0,0
BRF:13
BRH:0
end_of_record
TN:
SF:src/offers/offerRoutes.ts
FN:10,(anonymous_1)
FN:18,(anonymous_2)
FNF:2
FNH:0
FNDA:0,(anonymous_1)
FNDA:0,(anonymous_2)
DA:1,0
DA:2,0
DA:4,0
DA:7,0
DA:10,0
DA:11,0
DA:18,0
DA:19,0
DA:25,0
LF:9
LH:0
BRF:0
BRH:0
end_of_record
TN:
SF:src/ops/opsDashboard.ts
FN:76,(anonymous_0)
FN:80,(anonymous_1)
FN:93,(anonymous_2)
FN:107,(anonymous_3)
FN:114,(anonymous_4)
FN:129,(anonymous_5)
FN:145,(anonymous_6)
FN:167,(anonymous_7)
FN:262,(anonymous_8)
FN:265,(anonymous_9)
FN:284,(anonymous_10)
FN:311,(anonymous_11)
FN:327,(anonymous_12)
FN:332,(anonymous_13)
FN:333,(anonymous_14)
FN:348,(anonymous_15)
FN:381,(anonymous_16)
FN:406,(anonymous_17)
FN:428,(anonymous_18)
FN:429,(anonymous_19)
FN:442,(anonymous_20)
FN:466,(anonymous_21)
FN:479,(anonymous_22)
FN:483,(anonymous_23)
FN:501,(anonymous_24)
FN:520,(anonymous_25)
FN:526,(anonymous_26)
FN:541,(anonymous_27)
FN:550,(anonymous_28)
FN:551,(anonymous_29)
FN:552,(anonymous_30)
FN:556,(anonymous_31)
FN:560,(anonymous_32)
FN:561,(anonymous_33)
FN:576,(anonymous_34)
FN:642,(anonymous_35)
FN:645,(anonymous_36)
FN:646,(anonymous_37)
FN:657,(anonymous_38)
FN:664,(anonymous_39)
FN:688,(anonymous_40)
FNF:41
FNH:0
FNDA:0,(anonymous_0)
FNDA:0,(anonymous_1)
FNDA:0,(anonymous_2)
FNDA:0,(anonymous_3)
FNDA:0,(anonymous_4)
FNDA:0,(anonymous_5)
FNDA:0,(anonymous_6)
FNDA:0,(anonymous_7)
FNDA:0,(anonymous_8)
FNDA:0,(anonymous_9)
FNDA:0,(anonymous_10)
FNDA:0,(anonymous_11)
FNDA:0,(anonymous_12)
FNDA:0,(anonymous_13)
FNDA:0,(anonymous_14)
FNDA:0,(anonymous_15)
FNDA:0,(anonymous_16)
FNDA:0,(anonymous_17)
FNDA:0,(anonymous_18)
FNDA:0,(anonymous_19)
FNDA:0,(anonymous_20)
FNDA:0,(anonymous_21)
FNDA:0,(anonymous_22)
FNDA:0,(anonymous_23)
FNDA:0,(anonymous_24)
FNDA:0,(anonymous_25)
FNDA:0,(anonymous_26)
FNDA:0,(anonymous_27)
FNDA:0,(anonymous_28)
FNDA:0,(anonymous_29)
FNDA:0,(anonymous_30)
FNDA:0,(anonymous_31)
FNDA:0,(anonymous_32)
FNDA:0,(anonymous_33)
FNDA:0,(anonymous_34)
FNDA:0,(anonymous_35)
FNDA:0,(anonymous_36)
FNDA:0,(anonymous_37)
FNDA:0,(anonymous_38)
FNDA:0,(anonymous_39)
FNDA:0,(anonymous_40)
DA:1,0
DA:2,0
DA:3,0
DA:67,0
DA:69,0
DA:70,0
DA:71,0
DA:72,0
DA:73,0
DA:77,0
DA:81,0
DA:94,0
DA:95,0
DA:96,0
DA:99,0
DA:100,0
DA:103,0
DA:106,0
DA:107,0
DA:108,0
DA:111,0
DA:115,0
DA:116,0
DA:119,0
DA:121,0
DA:122,0
DA:123,0
DA:126,0
DA:130,0
DA:131,0
DA:133,0
DA:139,0
DA:145,0
DA:148,0
DA:151,0
DA:152,0
DA:156,0
DA:158,0
DA:159,0
DA:162,0
DA:163,0
DA:168,0
DA:171,0
DA:172,0
DA:173,0
DA:174,0
DA:176,0
DA:184,0
DA:194,0
DA:195,0
DA:197,0
DA:199,0
DA:206,0
DA:216,0
DA:217,0
DA:219,0
DA:221,0
DA:228,0
DA:238,0
DA:239,0
DA:241,0
DA:243,0
DA:250,0
DA:259,0
DA:263,0
DA:264,0
DA:265,0
DA:267,0
DA:274,0
DA:275,0
DA:285,0
DA:286,0
DA:288,0
DA:289,0
DA:290,0
DA:291,0
DA:298,0
DA:299,0
DA:308,0
DA:314,0
DA:315,0
DA:317,0
DA:332,0
DA:333,0
DA:335,0
DA:336,0
DA:339,0
DA:342,0
DA:345,0
DA:350,0
DA:351,0
DA:352,0
DA:353,0
DA:354,0
DA:357,0
DA:358,0
DA:363,0
DA:364,0
DA:368,0
DA:369,0
DA:372,0
DA:373,0
DA:376,0
DA:377,0
DA:382,0
DA:390,0
DA:393,0
DA:394,0
DA:398,0
DA:399,0
DA:402,0
DA:403,0
DA:407,0
DA:408,0
DA:416,0
DA:417,0
DA:424,0
DA:429,0
DA:430,0
DA:431,0
DA:434,0
DA:435,0
DA:436,0
DA:438,0
DA:439,0
DA:452,0
DA:454,0
DA:467,0
DA:473,0
DA:479,0
DA:484,0
DA:485,0
DA:487,0
DA:489,0
DA:490,0
DA:493,0
DA:494,0
DA:496,0
DA:497,0
DA:513,0
DA:520,0
DA:537,0
DA:538,0
DA:540,0
DA:541,0
DA:544,0
DA:550,0
DA:551,0
DA:552,0
DA:556,0
DA:561,0
DA:571,0
DA:577,0
DA:580,0
DA:581,0
DA:582,0
DA:590,0
DA:600,0
DA:601,0
DA:602,0
DA:610,0
DA:620,0
DA:621,0
DA:622,0
DA:630,0
DA:639,0
DA:643,0
DA:644,0
DA:645,0
DA:646,0
DA:648,0
DA:649,0
DA:650,0
DA:651,0
DA:653,0
DA:659,0
DA:665,0
DA:666,0
DA:668,0
DA:670,0
DA:678,0
DA:689,0
DA:690,0
DA:692,0
DA:694,0
DA:702,0
DA:713,0
LF:187
LH:0
BRDA:89,0,0,0
BRDA:89,0,1,0
BRDA:94,1,0,0
BRDA:106,2,0,0
BRDA:106,2,1,0
BRDA:115,3,0,0
BRDA:121,4,0,0
BRDA:151,5,0,0
BRDA:178,6,0,0
BRDA:178,6,1,0
BRDA:181,7,0,0
BRDA:181,7,1,0
BRDA:189,8,0,0
BRDA:189,8,1,0
BRDA:211,9,0,0
BRDA:211,9,1,0
BRDA:233,10,0,0
BRDA:233,10,1,0
BRDA:255,11,0,0
BRDA:255,11,1,0
BRDA:279,12,0,0
BRDA:279,12,1,0
BRDA:335,13,0,0
BRDA:335,14,0,0
BRDA:335,14,1,0
BRDA:339,15,0,0
BRDA:339,16,0,0
BRDA:339,16,1,0
BRDA:339,16,2,0
BRDA:339,16,3,0
BRDA:351,17,0,0
BRDA:351,17,1,0
BRDA:353,18,0,0
BRDA:357,19,0,0
BRDA:363,20,0,0
BRDA:368,21,0,0
BRDA:372,22,0,0
BRDA:376,23,0,0
BRDA:393,24,0,0
BRDA:398,25,0,0
BRDA:398,26,0,0
BRDA:398,26,1,0
BRDA:430,27,0,0
BRDA:455,28,0,0
BRDA:455,28,1,0
BRDA:459,29,0,0
BRDA:459,29,1,0
BRDA:461,30,0,0
BRDA:461,30,1,0
BRDA:462,31,0,0
BRDA:462,31,1,0
BRDA:487,32,0,0
BRDA:487,33,0,0
BRDA:487,33,1,0
BRDA:522,34,0,0
BRDA:522,34,1,0
BRDA:522,35,0,0
BRDA:522,35,1,0
BRDA:537,36,0,0
BRDA:537,36,1,0
BRDA:538,37,0,0
BRDA:538,37,1,0
BRDA:541,38,0,0
BRDA:541,38,1,0
BRDA:556,39,0,0
BRDA:556,39,1,0
BRDA:562,40,0,0
BRDA:562,40,1,0
BRDA:564,41,0,0
BRDA:564,41,1,0
BRDA:564,42,0,0
BRDA:564,42,1,0
BRDA:565,43,0,0
BRDA:565,43,1,0
BRDA:565,44,0,0
BRDA:565,44,1,0
BRDA:587,45,0,0
BRDA:587,45,1,0
BRDA:595,46,0,0
BRDA:595,46,1,0
BRDA:615,47,0,0
BRDA:615,47,1,0
BRDA:635,48,0,0
BRDA:635,48,1,0
BRDA:648,49,0,0
BRDA:648,49,1,0
BRDA:650,50,0,0
BRDA:650,50,1,0
BRDA:683,51,0,0
BRDA:683,51,1,0
BRDA:707,52,0,0
BRDA:707,52,1,0
BRF:92
BRH:0
end_of_record
TN:
SF:src/ops/opsRoutes.ts
FN:11,(anonymous_1)
FN:29,(anonymous_2)
FN:47,(anonymous_3)
FN:65,(anonymous_4)
FN:73,(anonymous_5)
FN:75,(anonymous_6)
FN:96,(anonymous_7)
FN:121,(anonymous_8)
FN:155,(anonymous_9)
FN:172,(anonymous_10)
FN:184,(anonymous_11)
FN:215,(anonymous_12)
FN:255,(anonymous_13)
FN:289,(anonymous_14)
FN:295,(anonymous_15)
FN:313,(anonymous_16)
FN:336,(anonymous_17)
FN:354,(anonymous_18)
FN:367,(anonymous_19)
FN:368,(anonymous_20)
FN:369,(anonymous_21)
FN:373,(anonymous_22)
FN:374,(anonymous_23)
FN:404,(anonymous_24)
FNF:24
FNH:0
FNDA:0,(anonymous_1)
FNDA:0,(anonymous_2)
FNDA:0,(anonymous_3)
FNDA:0,(anonymous_4)
FNDA:0,(anonymous_5)
FNDA:0,(anonymous_6)
FNDA:0,(anonymous_7)
FNDA:0,(anonymous_8)
FNDA:0,(anonymous_9)
FNDA:0,(anonymous_10)
FNDA:0,(anonymous_11)
FNDA:0,(anonymous_12)
FNDA:0,(anonymous_13)
FNDA:0,(anonymous_14)
FNDA:0,(anonymous_15)
FNDA:0,(anonymous_16)
FNDA:0,(anonymous_17)
FNDA:0,(anonymous_18)
FNDA:0,(anonymous_19)
FNDA:0,(anonymous_20)
FNDA:0,(anonymous_21)
FNDA:0,(anonymous_22)
FNDA:0,(anonymous_23)
FNDA:0,(anonymous_24)
DA:1,0
DA:2,0
DA:3,0
DA:5,0
DA:6,0
DA:8,0
DA:11,0
DA:12,0
DA:13,0
DA:15,0
DA:20,0
DA:21,0
DA:29,0
DA:30,0
DA:31,0
DA:33,0
DA:38,0
DA:39,0
DA:47,0
DA:48,0
DA:49,0
DA:51,0
DA:56,0
DA:57,0
DA:65,0
DA:66,0
DA:67,0
DA:68,0
DA:70,0
DA:72,0
DA:73,0
DA:74,0
DA:75,0
DA:78,0
DA:84,0
DA:85,0
DA:93,0
DA:97,0
DA:98,0
DA:100,0
DA:101,0
DA:104,0
DA:106,0
DA:107,0
DA:109,0
DA:112,0
DA:113,0
DA:118,0
DA:122,0
DA:123,0
DA:124,0
DA:125,0
DA:132,0
DA:134,0
DA:135,0
DA:137,0
DA:143,0
DA:144,0
DA:152,0
DA:156,0
DA:157,0
DA:159,0
DA:161,0
DA:163,0
DA:164,0
DA:169,0
DA:173,0
DA:174,0
DA:176,0
DA:178,0
DA:179,0
DA:184,0
DA:185,0
DA:186,0
DA:188,0
DA:199,0
DA:200,0
DA:208,0
DA:216,0
DA:217,0
DA:218,0
DA:219,0
DA:226,0
DA:228,0
DA:230,0
DA:231,0
DA:237,0
DA:243,0
DA:244,0
DA:252,0
DA:256,0
DA:257,0
DA:258,0
DA:259,0
DA:266,0
DA:268,0
DA:273,0
DA:280,0
DA:281,0
DA:289,0
DA:290,0
DA:291,0
DA:293,0
DA:295,0
DA:304,0
DA:305,0
DA:313,0
DA:314,0
DA:315,0
DA:317,0
DA:327,0
DA:328,0
DA:336,0
DA:337,0
DA:338,0
DA:340,0
DA:345,0
DA:346,0
DA:354,0
DA:355,0
DA:356,0
DA:357,0
DA:359,0
DA:367,0
DA:368,0
DA:369,0
DA:373,0
DA:374,0
DA:388,0
DA:393,0
DA:394,0
DA:401,0
DA:405,0
DA:406,0
DA:408,0
DA:416,0
DA:417,0
DA:421,0
LF:138
LH:0
BRDA:72,0,0,0
BRDA:72,0,1,0
BRDA:74,1,0,0
BRDA:100,2,0,0
BRDA:106,3,0,0
BRDA:106,3,1,0
BRDA:109,4,0,0
BRDA:109,4,1,0
BRDA:124,5,0,0
BRDA:157,6,0,0
BRDA:218,7,0,0
BRDA:230,8,0,0
BRDA:230,8,1,0
BRDA:239,9,0,0
BRDA:239,9,1,0
BRDA:258,10,0,0
BRF:16
BRH:0
end_of_record
TN:
SF:src/ratings/ratingRoutes.ts
FN:18,(anonymous_1)
FN:79,(anonymous_2)
FN:105,(anonymous_3)
FN:131,(anonymous_4)
FN:157,(anonymous_5)
FNF:5
FNH:0
FNDA:0,(anonymous_1)
FNDA:0,(anonymous_2)
FNDA:0,(anonymous_3)
FNDA:0,(anonymous_4)
FNDA:0,(anonymous_5)
DA:1,0
DA:2,0
DA:3,0
DA:4,0
DA:6,0
DA:8,0
DA:9,0
DA:12,0
DA:15,0
DA:19,0
DA:20,0
DA:21,0
DA:22,0
DA:29,0
DA:30,0
DA:31,0
DA:37,0
DA:40,0
DA:41,0
DA:42,0
DA:51,0
DA:53,0
DA:54,0
DA:60,0
DA:65,0
DA:70,0
DA:71,0
DA:79,0
DA:80,0
DA:81,0
DA:82,0
DA:83,0
DA:89,0
DA:91,0
DA:96,0
DA:97,0
DA:105,0
DA:106,0
DA:107,0
DA:108,0
DA:109,0
DA:115,0
DA:117,0
DA:122,0
DA:123,0
DA:131,0
DA:132,0
DA:133,0
DA:134,0
DA:135,0
DA:141,0
DA:143,0
DA:148,0
DA:149,0
DA:157,0
DA:158,0
DA:159,0
DA:160,0
DA:161,0
DA:167,0
DA:169,0
DA:174,0
DA:175,0
DA:182,0
LF:64
LH:0
BRDA:21,0,0,0
BRDA:30,1,0,0
BRDA:41,2,0,0
BRDA:53,3,0,0
BRDA:73,4,0,0
BRDA:73,4,1,0
BRDA:82,5,0,0
BRDA:108,6,0,0
BRDA:134,7,0,0
BRDA:160,8,0,0
BRDA:177,9,0,0
BRDA:177,9,1,0
BRF:12
BRH:0
end_of_record
TN:
SF:src/ratings/ratingService.ts
FN:8,(anonymous_0)
FN:16,(anonymous_1)
FN:54,(anonymous_2)
FN:62,(anonymous_3)
FN:73,(anonymous_4)
FN:85,(anonymous_5)
FN:90,(anonymous_6)
FN:106,(anonymous_7)
FN:114,(anonymous_8)
FN:125,(anonymous_9)
FN:142,(anonymous_10)
FN:146,(anonymous_11)
FN:173,(anonymous_12)
FN:198,(anonymous_13)
FNF:14
FNH:0
FNDA:0,(anonymous_0)
FNDA:0,(anonymous_1)
FNDA:0,(anonymous_2)
FNDA:0,(anonymous_3)
FNDA:0,(anonymous_4)
FNDA:0,(anonymous_5)
FNDA:0,(anonymous_6)
FNDA:0,(anonymous_7)
FNDA:0,(anonymous_8)
FNDA:0,(anonymous_9)
FNDA:0,(anonymous_10)
FNDA:0,(anonymous_11)
FNDA:0,(anonymous_12)
FNDA:0,(anonymous_13)
DA:2,0
DA:3,0
DA:5,0
DA:9,0
DA:10,0
DA:12,0
DA:22,0
DA:24,0
DA:25,0
DA:28,0
DA:30,0
DA:40,0
DA:43,0
DA:45,0
DA:46,0
DA:48,0
DA:49,0
DA:55,0
DA:56,0
DA:62,0
DA:67,0
DA:68,0
DA:74,0
DA:75,0
DA:77,0
DA:78,0
DA:85,0
DA:86,0
DA:89,0
DA:90,0
DA:91,0
DA:94,0
DA:100,0
DA:101,0
DA:107,0
DA:108,0
DA:114,0
DA:119,0
DA:120,0
DA:126,0
DA:127,0
DA:134,0
DA:136,0
DA:137,0
DA:143,0
DA:144,0
DA:146,0
DA:147,0
DA:149,0
DA:150,0
DA:153,0
DA:155,0
DA:156,0
DA:159,0
DA:163,0
DA:165,0
DA:167,0
DA:168,0
DA:174,0
DA:175,0
DA:177,0
DA:178,0
DA:181,0
DA:182,0
DA:183,0
DA:186,0
DA:192,0
DA:193,0
DA:199,0
DA:200,0
DA:202,0
DA:209,0
DA:215,0
LF:73
LH:0
BRDA:9,0,0,0
BRDA:24,1,0,0
BRDA:24,2,0,0
BRDA:24,2,1,0
BRDA:77,3,0,0
BRDA:149,4,0,0
BRDA:155,5,0,0
BRDA:177,6,0,0
BRDA:182,7,0,0
BRF:9
BRH:0
end_of_record
TN:
SF:src/search/searchRoutes.ts
FN:18,(anonymous_1)
FN:69,(anonymous_2)
FN:109,(anonymous_3)
FN:144,(anonymous_4)
FN:179,(anonymous_5)
FN:213,(anonymous_6)
FN:247,(anonymous_7)
FN:266,(anonymous_8)
FN:288,(anonymous_9)
FN:314,(anonymous_10)
FNF:10
FNH:0
FNDA:0,(anonymous_1)
FNDA:0,(anonymous_2)
FNDA:0,(anonymous_3)
FNDA:0,(anonymous_4)
FNDA:0,(anonymous_5)
FNDA:0,(anonymous_6)
FNDA:0,(anonymous_7)
FNDA:0,(anonymous_8)
FNDA:0,(anonymous_9)
FNDA:0,(anonymous_10)
DA:1,0
DA:2,0
DA:3,0
DA:5,0
DA:8,0
DA:11,0
DA:19,0
DA:20,0
DA:23,0
DA:24,0
DA:25,0
DA:26,0
DA:27,0
DA:28,0
DA:29,0
DA:30,0
DA:32,0
DA:41,0
DA:43,0
DA:53,0
DA:54,0
DA:62,0
DA:70,0
DA:71,0
DA:74,0
DA:75,0
DA:76,0
DA:77,0
DA:79,0
DA:88,0
DA:90,0
DA:100,0
DA:101,0
DA:109,0
DA:110,0
DA:111,0
DA:112,0
DA:114,0
DA:115,0
DA:121,0
DA:123,0
DA:124,0
DA:129,0
DA:135,0
DA:136,0
DA:144,0
DA:145,0
DA:146,0
DA:147,0
DA:149,0
DA:150,0
DA:156,0
DA:158,0
DA:159,0
DA:164,0
DA:170,0
DA:171,0
DA:179,0
DA:180,0
DA:181,0
DA:183,0
DA:184,0
DA:190,0
DA:192,0
DA:193,0
DA:198,0
DA:204,0
DA:205,0
DA:213,0
DA:214,0
DA:215,0
DA:217,0
DA:218,0
DA:224,0
DA:226,0
DA:227,0
DA:232,0
DA:238,0
DA:239,0
DA:247,0
DA:248,0
DA:249,0
DA:251,0
DA:257,0
DA:258,0
DA:266,0
DA:267,0
DA:268,0
DA:270,0
DA:275,0
DA:276,0
DA:284,0
DA:289,0
DA:290,0
DA:292,0
DA:294,0
DA:295,0
DA:296,0
DA:297,0
DA:300,0
DA:305,0
DA:306,0
DA:314,0
DA:315,0
DA:316,0
DA:336,0
DA:337,0
DA:344,0
LF:108
LH:0
BRDA:20,0,0,0
BRDA:20,1,0,0
BRDA:20,2,0,0
BRDA:20,3,0,0
BRDA:20,4,0,0
BRDA:24,5,0,0
BRDA:25,6,0,0
BRDA:26,7,0,0
BRDA:27,8,0,0
BRDA:28,9,0,0
BRDA:29,10,0,0
BRDA:30,11,0,0
BRDA:71,12,0,0
BRDA:71,13,0,0
BRDA:71,14,0,0
BRDA:71,15,0,0
BRDA:71,16,0,0
BRDA:75,17,0,0
BRDA:75,18,0,0
BRDA:75,18,1,0
BRDA:76,19,0,0
BRDA:77,20,0,0
BRDA:114,21,0,0
BRDA:123,22,0,0
BRDA:123,22,1,0
BRDA:149,23,0,0
BRDA:158,24,0,0
BRDA:158,24,1,0
BRDA:183,25,0,0
BRDA:192,26,0,0
BRDA:192,26,1,0
BRDA:217,27,0,0
BRDA:226,28,0,0
BRDA:226,28,1,0
BRDA:290,29,0,0
BRDA:290,30,0,0
BRDA:294,31,0,0
BRDA:294,31,1,0
BRDA:296,32,0,0
BRDA:320,33,0,0
BRDA:320,33,1,0
BRDA:321,34,0,0
BRDA:321,34,1,0
BRF:43
BRH:0
end_of_record
TN:
SF:src/search/searchService.ts
FN:38,(anonymous_10)
FN:57,(anonymous_11)
FN:133,(anonymous_12)
FN:196,(anonymous_13)
FN:208,(anonymous_14)
FN:256,(anonymous_15)
FN:268,(anonymous_16)
FN:301,(anonymous_17)
FN:331,(anonymous_18)
FN:346,(anonymous_19)
FN:361,(anonymous_20)
FN:393,(anonymous_21)
FN:394,(anonymous_22)
FN:414,(anonymous_23)
FN:428,(anonymous_24)
FN:429,(anonymous_25)
FN:443,(anonymous_26)
FN:457,(anonymous_27)
FN:486,(anonymous_28)
FN:494,(anonymous_29)
FN:504,(anonymous_30)
FN:512,(anonymous_31)
FN:520,(anonymous_32)
FN:530,(anonymous_33)
FNF:24
FNH:0
FNDA:0,(anonymous_10)
FNDA:0,(anonymous_11)
FNDA:0,(anonymous_12)
FNDA:0,(anonymous_13)
FNDA:0,(anonymous_14)
FNDA:0,(anonymous_15)
FNDA:0,(anonymous_16)
FNDA:0,(anonymous_17)
FNDA:0,(anonymous_18)
FNDA:0,(anonymous_19)
FNDA:0,(anonymous_20)
FNDA:0,(anonymous_21)
FNDA:0,(anonymous_22)
FNDA:0,(anonymous_23)
FNDA:0,(anonymous_24)
FNDA:0,(anonymous_25)
FNDA:0,(anonymous_26)
FNDA:0,(anonymous_27)
FNDA:0,(anonymous_28)
FNDA:0,(anonymous_29)
FNDA:0,(anonymous_30)
FNDA:0,(anonymous_31)
FNDA:0,(anonymous_32)
FNDA:0,(anonymous_33)
DA:1,0
DA:2,0
DA:3,0
DA:4,0
DA:33,0
DA:39,0
DA:40,0
DA:42,0
DA:43,0
DA:44,0
DA:45,0
DA:46,0
DA:47,0
DA:50,0
DA:51,0
DA:52,0
DA:54,0
DA:58,0
DA:60,0
DA:95,0
DA:127,0
DA:129,0
DA:134,0
DA:135,0
DA:136,0
DA:139,0
DA:146,0
DA:147,0
DA:149,0
DA:150,0
DA:152,0
DA:153,0
DA:155,0
DA:156,0
DA:157,0
DA:158,0
DA:159,0
DA:160,0
DA:161,0
DA:164,0
DA:165,0
DA:167,0
DA:168,0
DA:171,0
DA:172,0
DA:177,0
DA:178,0
DA:180,0
DA:181,0
DA:183,0
DA:184,0
DA:186,0
DA:187,0
DA:189,0
DA:190,0
DA:194,0
DA:196,0
DA:203,0
DA:204,0
DA:209,0
DA:210,0
DA:211,0
DA:214,0
DA:221,0
DA:222,0
DA:224,0
DA:225,0
DA:227,0
DA:228,0
DA:230,0
DA:231,0
DA:234,0
DA:235,0
DA:240,0
DA:241,0
DA:243,0
DA:244,0
DA:246,0
DA:247,0
DA:249,0
DA:250,0
DA:254,0
DA:256,0
DA:263,0
DA:264,0
DA:269,0
DA:270,0
DA:271,0
DA:272,0
DA:275,0
DA:292,0
DA:293,0
DA:294,0
DA:296,0
DA:297,0
DA:302,0
DA:303,0
DA:304,0
DA:305,0
DA:308,0
DA:322,0
DA:323,0
DA:324,0
DA:326,0
DA:327,0
DA:332,0
DA:333,0
DA:334,0
DA:337,0
DA:338,0
DA:339,0
DA:341,0
DA:342,0
DA:347,0
DA:348,0
DA:349,0
DA:352,0
DA:353,0
DA:354,0
DA:356,0
DA:357,0
DA:362,0
DA:363,0
DA:364,0
DA:367,0
DA:368,0
DA:369,0
DA:370,0
DA:371,0
DA:376,0
DA:377,0
DA:378,0
DA:379,0
DA:380,0
DA:384,0
DA:385,0
DA:387,0
DA:388,0
DA:394,0
DA:395,0
DA:396,0
DA:397,0
DA:400,0
DA:401,0
DA:403,0
DA:404,0
DA:406,0
DA:407,0
DA:409,0
DA:410,0
DA:413,0
DA:414,0
DA:420,0
DA:422,0
DA:423,0
DA:429,0
DA:430,0
DA:431,0
DA:432,0
DA:435,0
DA:436,0
DA:438,0
DA:439,0
DA:442,0
DA:443,0
DA:449,0
DA:451,0
DA:452,0
DA:458,0
DA:459,0
DA:460,0
DA:463,0
DA:468,0
DA:481,0
DA:482,0
DA:487,0
DA:488,0
DA:489,0
DA:494,0
DA:497,0
DA:498,0
DA:504,0
DA:507,0
DA:508,0
DA:513,0
DA:514,0
DA:515,0
DA:520,0
DA:523,0
DA:524,0
DA:530,0
DA:533,0
DA:534,0
DA:539,0
LF:194
LH:0
BRDA:39,0,0,0
BRDA:39,0,1,0
BRDA:40,1,0,0
BRDA:40,1,1,0
BRDA:42,2,0,0
BRDA:42,3,0,0
BRDA:42,3,1,0
BRDA:135,4,0,0
BRDA:140,5,0,0
BRDA:140,5,1,0
BRDA:141,6,0,0
BRDA:141,6,1,0
BRDA:142,7,0,0
BRDA:142,7,1,0
BRDA:146,8,0,0
BRDA:149,9,0,0
BRDA:152,10,0,0
BRDA:155,11,0,0
BRDA:155,12,0,0
BRDA:155,12,1,0
BRDA:156,13,0,0
BRDA:156,13,1,0
BRDA:156,14,0,0
BRDA:156,14,1,0
BRDA:158,15,0,0
BRDA:158,15,1,0
BRDA:160,16,0,0
BRDA:164,17,0,0
BRDA:167,18,0,0
BRDA:171,19,0,0
BRDA:177,20,0,0
BRDA:178,21,0,0
BRDA:178,21,1,0
BRDA:178,21,2,0
BRDA:178,21,3,0
BRDA:200,22,0,0
BRDA:200,22,1,0
BRDA:210,23,0,0
BRDA:215,24,0,0
BRDA:215,24,1,0
BRDA:216,25,0,0
BRDA:216,25,1,0
BRDA:217,26,0,0
BRDA:217,26,1,0
BRDA:221,27,0,0
BRDA:224,28,0,0
BRDA:227,29,0,0
BRDA:230,30,0,0
BRDA:234,31,0,0
BRDA:240,32,0,0
BRDA:241,33,0,0
BRDA:241,33,1,0
BRDA:241,33,2,0
BRDA:260,34,0,0
BRDA:260,34,1,0
BRDA:270,35,0,0
BRDA:283,36,0,0
BRDA:283,36,1,0
BRDA:285,37,0,0
BRDA:285,37,1,0
BRDA:303,38,0,0
BRDA:312,39,0,0
BRDA:312,39,1,0
BRDA:313,40,0,0
BRDA:313,40,1,0
BRDA:314,41,0,0
BRDA:314,41,1,0
BRDA:315,42,0,0
BRDA:315,42,1,0
BRDA:333,43,0,0
BRDA:348,44,0,0
BRDA:370,45,0,0
BRDA:379,46,0,0
BRDA:400,47,0,0
BRDA:403,48,0,0
BRDA:406,49,0,0
BRDA:409,50,0,0
BRDA:435,51,0,0
BRDA:435,52,0,0
BRDA:435,52,1,0
BRDA:438,53,0,0
BRDA:459,54,0,0
BRDA:459,55,0,0
BRDA:459,55,1,0
BRDA:470,56,0,0
BRDA:470,56,1,0
BRDA:475,57,0,0
BRDA:475,57,1,0
BRDA:486,58,0,0
BRDA:488,59,0,0
BRDA:488,59,1,0
BRDA:488,60,0,0
BRDA:488,60,1,0
BRDA:494,61,0,0
BRDA:494,61,1,0
BRDA:494,61,2,0
BRDA:504,62,0,0
BRDA:504,62,1,0
BRDA:504,62,2,0
BRDA:512,63,0,0
BRDA:514,64,0,0
BRDA:514,64,1,0
BRDA:514,65,0,0
BRDA:514,65,1,0
BRDA:520,66,0,0
BRDA:520,66,1,0
BRDA:520,66,2,0
BRDA:530,67,0,0
BRDA:530,67,1,0
BRDA:530,67,2,0
BRF:110
BRH:0
end_of_record
TN:
SF:src/storage/storageRoutes.ts
FN:10,(anonymous_1)
FNF:1
FNH:0
FNDA:0,(anonymous_1)
DA:1,0
DA:2,0
DA:4,0
DA:7,0
DA:10,0
DA:11,0
DA:17,0
LF:7
LH:0
BRF:0
BRH:0
end_of_record
TN:
SF:src/tasks/taskRoutes.ts
FN:23,(anonymous_1)
FN:67,(anonymous_2)
FN:95,(anonymous_3)
FN:135,(anonymous_4)
FN:171,(anonymous_5)
FN:197,(anonymous_6)
FN:226,(anonymous_7)
FN:266,(anonymous_8)
FN:294,(anonymous_9)
FN:333,(anonymous_10)
FN:368,(anonymous_11)
FNF:11
FNH:0
FNDA:0,(anonymous_1)
FNDA:0,(anonymous_2)
FNDA:0,(anonymous_3)
FNDA:0,(anonymous_4)
FNDA:0,(anonymous_5)
FNDA:0,(anonymous_6)
FNDA:0,(anonymous_7)
FNDA:0,(anonymous_8)
FNDA:0,(anonymous_9)
FNDA:0,(anonymous_10)
FNDA:0,(anonymous_11)
DA:1,0
DA:2,0
DA:3,0
DA:4,0
DA:6,0
DA:8,0
DA:9,0
DA:12,0
DA:15,0
DA:24,0
DA:25,0
DA:26,0
DA:27,0
DA:34,0
DA:44,0
DA:46,0
DA:51,0
DA:52,0
DA:60,0
DA:68,0
DA:69,0
DA:70,0
DA:71,0
DA:78,0
DA:79,0
DA:81,0
DA:86,0
DA:87,0
DA:95,0
DA:96,0
DA:97,0
DA:98,0
DA:99,0
DA:105,0
DA:107,0
DA:108,0
DA:114,0
DA:119,0
DA:120,0
DA:128,0
DA:136,0
DA:137,0
DA:138,0
DA:139,0
DA:146,0
DA:147,0
DA:148,0
DA:154,0
DA:155,0
DA:157,0
DA:162,0
DA:163,0
DA:171,0
DA:172,0
DA:173,0
DA:174,0
DA:175,0
DA:181,0
DA:183,0
DA:188,0
DA:189,0
DA:197,0
DA:198,0
DA:199,0
DA:200,0
DA:201,0
DA:207,0
DA:209,0
DA:214,0
DA:215,0
DA:223,0
DA:227,0
DA:228,0
DA:229,0
DA:230,0
DA:237,0
DA:238,0
DA:239,0
DA:245,0
DA:247,0
DA:252,0
DA:257,0
DA:258,0
DA:266,0
DA:267,0
DA:268,0
DA:269,0
DA:270,0
DA:276,0
DA:278,0
DA:283,0
DA:284,0
DA:292,0
DA:295,0
DA:296,0
DA:297,0
DA:298,0
DA:305,0
DA:306,0
DA:307,0
DA:313,0
DA:315,0
DA:317,0
DA:322,0
DA:323,0
DA:331,0
DA:334,0
DA:335,0
DA:336,0
DA:337,0
DA:344,0
DA:345,0
DA:346,0
DA:352,0
DA:354,0
DA:359,0
DA:360,0
DA:368,0
DA:369,0
DA:370,0
DA:371,0
DA:372,0
DA:378,0
DA:380,0
DA:385,0
DA:386,0
DA:393,0
LF:127
LH:0
BRDA:26,0,0,0
BRDA:37,1,0,0
BRDA:37,1,1,0
BRDA:38,2,0,0
BRDA:38,2,1,0
BRDA:40,3,0,0
BRDA:40,3,1,0
BRDA:41,4,0,0
BRDA:41,4,1,0
BRDA:70,5,0,0
BRDA:98,6,0,0
BRDA:107,7,0,0
BRDA:138,8,0,0
BRDA:147,9,0,0
BRDA:165,10,0,0
BRDA:165,10,1,0
BRDA:174,11,0,0
BRDA:191,12,0,0
BRDA:191,12,1,0
BRDA:200,13,0,0
BRDA:217,14,0,0
BRDA:217,14,1,0
BRDA:229,15,0,0
BRDA:238,16,0,0
BRDA:245,17,0,0
BRDA:260,18,0,0
BRDA:260,18,1,0
BRDA:269,19,0,0
BRDA:286,20,0,0
BRDA:286,20,1,0
BRDA:297,21,0,0
BRDA:306,22,0,0
BRDA:325,23,0,0
BRDA:325,23,1,0
BRDA:336,24,0,0
BRDA:345,25,0,0
BRDA:371,26,0,0
BRF:37
BRH:0
end_of_record
TN:
SF:src/tasks/taskService.ts
FN:16,(anonymous_0)
FN:24,(anonymous_1)
FN:57,(anonymous_2)
FN:91,(anonymous_3)
FN:112,(anonymous_4)
FN:135,(anonymous_5)
FN:139,(anonymous_6)
FN:179,(anonymous_7)
FN:183,(anonymous_8)
FN:222,(anonymous_9)
FN:226,(anonymous_10)
FN:265,(anonymous_11)
FN:269,(anonymous_12)
FN:308,(anonymous_13)
FN:312,(anonymous_14)
FN:351,(anonymous_15)
FN:355,(anonymous_16)
FN:386,(anonymous_17)
FN:398,(anonymous_18)
FN:412,(anonymous_19)
FN:438,(anonymous_20)
FN:446,(anonymous_21)
FNF:22
FNH:0
FNDA:0,(anonymous_0)
FNDA:0,(anonymous_1)
FNDA:0,(anonymous_2)
FNDA:0,(anonymous_3)
FNDA:0,(anonymous_4)
FNDA:0,(anonymous_5)
FNDA:0,(anonymous_6)
FNDA:0,(anonymous_7)
FNDA:0,(anonymous_8)
FNDA:0,(anonymous_9)
FNDA:0,(anonymous_10)
FNDA:0,(anonymous_11)
FNDA:0,(anonymous_12)
FNDA:0,(anonymous_13)
FNDA:0,(anonymous_14)
FNDA:0,(anonymous_15)
FNDA:0,(anonymous_16)
FNDA:0,(anonymous_17)
FNDA:0,(anonymous_18)
FNDA:0,(anonymous_19)
FNDA:0,(anonymous_20)
FNDA:0,(anonymous_21)
DA:1,0
DA:11,0
DA:13,0
DA:17,0
DA:18,0
DA:20,0
DA:25,0
DA:26,0
DA:28,0
DA:43,0
DA:46,0
DA:48,0
DA:49,0
DA:51,0
DA:52,0
DA:58,0
DA:59,0
DA:62,0
DA:63,0
DA:65,0
DA:66,0
DA:68,0
DA:69,0
DA:71,0
DA:72,0
DA:76,0
DA:77,0
DA:78,0
DA:79,0
DA:81,0
DA:85,0
DA:86,0
DA:88,0
DA:89,0
DA:91,0
DA:99,0
DA:106,0
DA:107,0
DA:113,0
DA:114,0
DA:116,0
DA:117,0
DA:120,0
DA:121,0
DA:129,0
DA:130,0
DA:136,0
DA:137,0
DA:139,0
DA:140,0
DA:142,0
DA:143,0
DA:146,0
DA:148,0
DA:149,0
DA:152,0
DA:153,0
DA:156,0
DA:163,0
DA:164,0
DA:168,0
DA:170,0
DA:171,0
DA:173,0
DA:174,0
DA:180,0
DA:181,0
DA:183,0
DA:184,0
DA:186,0
DA:187,0
DA:190,0
DA:192,0
DA:193,0
DA:196,0
DA:197,0
DA:200,0
DA:206,0
DA:207,0
DA:211,0
DA:213,0
DA:214,0
DA:216,0
DA:217,0
DA:223,0
DA:224,0
DA:226,0
DA:227,0
DA:229,0
DA:230,0
DA:233,0
DA:235,0
DA:236,0
DA:239,0
DA:240,0
DA:243,0
DA:249,0
DA:250,0
DA:254,0
DA:256,0
DA:257,0
DA:259,0
DA:260,0
DA:266,0
DA:267,0
DA:269,0
DA:270,0
DA:272,0
DA:273,0
DA:276,0
DA:278,0
DA:279,0
DA:282,0
DA:283,0
DA:286,0
DA:292,0
DA:293,0
DA:297,0
DA:299,0
DA:300,0
DA:302,0
DA:303,0
DA:309,0
DA:310,0
DA:312,0
DA:313,0
DA:315,0
DA:316,0
DA:319,0
DA:321,0
DA:322,0
DA:325,0
DA:326,0
DA:329,0
DA:335,0
DA:336,0
DA:340,0
DA:342,0
DA:343,0
DA:345,0
DA:346,0
DA:352,0
DA:353,0
DA:355,0
DA:356,0
DA:358,0
DA:359,0
DA:362,0
DA:364,0
DA:365,0
DA:368,0
DA:369,0
DA:372,0
DA:376,0
DA:378,0
DA:380,0
DA:381,0
DA:387,0
DA:388,0
DA:390,0
DA:391,0
DA:393,0
DA:396,0
DA:398,0
DA:406,0
DA:407,0
DA:418,0
DA:419,0
DA:421,0
DA:430,0
DA:432,0
DA:439,0
DA:440,0
DA:446,0
DA:452,0
DA:453,0
DA:458,0
LF:177
LH:0
BRDA:17,0,0,0
BRDA:38,1,0,0
BRDA:38,1,1,0
BRDA:62,2,0,0
BRDA:65,3,0,0
BRDA:68,4,0,0
BRDA:71,5,0,0
BRDA:76,6,0,0
BRDA:76,6,1,0
BRDA:78,7,0,0
BRDA:78,7,1,0
BRDA:116,8,0,0
BRDA:142,9,0,0
BRDA:148,10,0,0
BRDA:152,11,0,0
BRDA:186,12,0,0
BRDA:192,13,0,0
BRDA:196,14,0,0
BRDA:229,15,0,0
BRDA:235,16,0,0
BRDA:239,17,0,0
BRDA:272,18,0,0
BRDA:278,19,0,0
BRDA:282,20,0,0
BRDA:315,21,0,0
BRDA:321,22,0,0
BRDA:325,23,0,0
BRDA:358,24,0,0
BRDA:364,25,0,0
BRDA:368,26,0,0
BRDA:390,27,0,0
BRDA:390,27,1,0
BRF:32
BRH:0
end_of_record
TN:
SF:src/users/userRoutes.ts
FN:15,(anonymous_1)
FN:48,(anonymous_2)
FN:78,(anonymous_3)
FN:106,(anonymous_4)
FN:127,(anonymous_5)
FN:159,(anonymous_6)
FN:187,(anonymous_7)
FNF:7
FNH:0
FNDA:0,(anonymous_1)
FNDA:0,(anonymous_2)
FNDA:0,(anonymous_3)
FNDA:0,(anonymous_4)
FNDA:0,(anonymous_5)
FNDA:0,(anonymous_6)
FNDA:0,(anonymous_7)
DA:1,0
DA:2,0
DA:3,0
DA:4,0
DA:6,0
DA:8,0
DA:9,0
DA:12,0
DA:15,0
DA:16,0
DA:17,0
DA:18,0
DA:19,0
DA:25,0
DA:27,0
DA:28,0
DA:34,0
DA:39,0
DA:40,0
DA:48,0
DA:49,0
DA:50,0
DA:52,0
DA:53,0
DA:59,0
DA:64,0
DA:65,0
DA:73,0
DA:79,0
DA:80,0
DA:81,0
DA:82,0
DA:89,0
DA:90,0
DA:92,0
DA:97,0
DA:98,0
DA:106,0
DA:107,0
DA:108,0
DA:110,0
DA:115,0
DA:116,0
DA:124,0
DA:128,0
DA:129,0
DA:130,0
DA:131,0
DA:138,0
DA:139,0
DA:141,0
DA:143,0
DA:148,0
DA:149,0
DA:157,0
DA:160,0
DA:161,0
DA:162,0
DA:163,0
DA:170,0
DA:171,0
DA:173,0
DA:178,0
DA:179,0
DA:187,0
DA:188,0
DA:189,0
DA:191,0
DA:196,0
DA:197,0
DA:204,0
LF:71
LH:0
BRDA:18,0,0,0
BRDA:27,1,0,0
BRDA:52,2,0,0
BRDA:81,3,0,0
BRDA:100,4,0,0
BRDA:100,4,1,0
BRDA:130,5,0,0
BRDA:139,6,0,0
BRDA:139,6,1,0
BRDA:162,7,0,0
BRDA:170,8,0,0
BRDA:170,8,1,0
BRDA:199,9,0,0
BRDA:199,9,1,0
BRF:14
BRH:0
end_of_record
TN:
SF:src/users/userService.ts
FN:8,(anonymous_0)
FN:16,(anonymous_1)
FN:38,(anonymous_2)
FN:68,(anonymous_3)
FN:72,(anonymous_4)
FN:99,(anonymous_5)
FN:134,(anonymous_6)
FN:154,(anonymous_7)
FN:171,(anonymous_8)
FN:184,(anonymous_9)
FN:194,(anonymous_10)
FN:207,(anonymous_11)
FNF:12
FNH:0
FNDA:0,(anonymous_0)
FNDA:0,(anonymous_1)
FNDA:0,(anonymous_2)
FNDA:0,(anonymous_3)
FNDA:0,(anonymous_4)
FNDA:0,(anonymous_5)
FNDA:0,(anonymous_6)
FNDA:0,(anonymous_7)
FNDA:0,(anonymous_8)
FNDA:0,(anonymous_9)
FNDA:0,(anonymous_10)
FNDA:0,(anonymous_11)
DA:1,0
DA:3,0
DA:5,0
DA:9,0
DA:10,0
DA:12,0
DA:17,0
DA:18,0
DA:20,0
DA:21,0
DA:24,0
DA:25,0
DA:32,0
DA:33,0
DA:39,0
DA:40,0
DA:42,0
DA:54,0
DA:56,0
DA:57,0
DA:62,0
DA:63,0
DA:69,0
DA:70,0
DA:72,0
DA:73,0
DA:75,0
DA:76,0
DA:79,0
DA:80,0
DA:86,0
DA:87,0
DA:90,0
DA:91,0
DA:93,0
DA:94,0
DA:100,0
DA:102,0
DA:103,0
DA:104,0
DA:108,0
DA:113,0
DA:116,0
DA:121,0
DA:124,0
DA:130,0
DA:133,0
DA:134,0
DA:135,0
DA:136,0
DA:139,0
DA:148,0
DA:149,0
DA:155,0
DA:156,0
DA:158,0
DA:160,0
DA:164,0
DA:166,0
DA:169,0
DA:171,0
DA:178,0
DA:179,0
DA:185,0
DA:186,0
DA:194,0
DA:201,0
DA:202,0
DA:208,0
DA:209,0
DA:211,0
DA:213,0
DA:214,0
DA:219,0
LF:74
LH:0
BRDA:9,0,0,0
BRDA:20,1,0,0
BRDA:43,2,0,0
BRDA:43,2,1,0
BRDA:45,3,0,0
BRDA:45,3,1,0
BRDA:46,4,0,0
BRDA:46,4,1,0
BRDA:47,5,0,0
BRDA:47,5,1,0
BRDA:48,6,0,0
BRDA:48,6,1,0
BRDA:49,7,0,0
BRDA:49,7,1,0
BRDA:75,8,0,0
BRDA:103,9,0,0
BRDA:136,10,0,0
BRDA:136,10,1,0
BRDA:158,11,0,0
BRDA:164,12,0,0
BRDA:164,13,0,0
BRDA:164,13,1,0
BRDA:184,14,0,0
BRF:23
BRH:0
end_of_record
TN:
SF:src/utils/auth.ts
FN:15,(anonymous_0)
FN:51,(anonymous_1)
FNF:2
FNH:0
FNDA:0,(anonymous_0)
FNDA:0,(anonymous_1)
DA:2,0
DA:3,0
DA:15,0
DA:20,0
DA:21,0
DA:23,0
DA:24,0
DA:25,0
DA:28,0
DA:30,0
DA:31,0
DA:32,0
DA:35,0
DA:37,0
DA:44,0
DA:46,0
DA:47,0
DA:51,0
DA:56,0
DA:57,0
DA:58,0
DA:59,0
DA:63,0
DA:64,0
DA:66,0
DA:67,0
DA:68,0
DA:71,0
DA:73,0
DA:74,0
LF:30
LH:0
BRDA:23,0,0,0
BRDA:23,1,0,0
BRDA:23,1,1,0
BRDA:30,2,0,0
BRDA:39,3,0,0
BRDA:39,3,1,0
BRDA:57,4,0,0
BRDA:66,5,0,0
BRDA:66,6,0,0
BRDA:66,6,1,0
BRF:10
BRH:0
end_of_record
TN:
SF:src/utils/errorHandler.ts
FN:4,(anonymous_0)
FNF:1
FNH:0
FNDA:0,(anonymous_0)
DA:2,0
DA:4,0
DA:10,0
DA:13,0
DA:14,0
DA:17,0
DA:18,0
DA:19,0
DA:20,0
DA:21,0
DA:22,0
DA:23,0
DA:24,0
DA:25,0
DA:26,0
DA:27,0
DA:28,0
DA:32,0
LF:18
LH:0
BRDA:17,0,0,0
BRDA:17,0,1,0
BRDA:20,1,0,0
BRDA:20,1,1,0
BRDA:23,2,0,0
BRDA:23,2,1,0
BRDA:26,3,0,0
BRDA:34,4,0,0
BRDA:34,4,1,0
BRF:9
BRH:0
end_of_record
TN:
SF:src/utils/logger.ts
FNF:0
FNH:0
DA:1,0
DA:3,0
DA:17,0
DA:18,0
DA:26,0
LF:5
LH:0
BRDA:4,0,0,0
BRDA:4,0,1,0
BRDA:17,1,0,0
BRF:3
BRH:0
end_of_record
TN:
SF:src/utils/secrets.ts
FN:24,(anonymous_1)
FN:28,(anonymous_2)
FN:48,(anonymous_3)
FN:82,(anonymous_4)
FN:105,(anonymous_5)
FN:135,(anonymous_6)
FN:152,(anonymous_7)
FN:175,(anonymous_8)
FN:201,(anonymous_9)
FN:216,(anonymous_10)
FN:220,(anonymous_11)
FN:232,(anonymous_12)
FN:257,(anonymous_13)
FN:276,(anonymous_14)
FN:285,(anonymous_15)
FN:317,(anonymous_16)
FN:320,(anonymous_17)
FN:321,(anonymous_18)
FN:325,(anonymous_19)
FN:329,(anonymous_20)
FN:335,(anonymous_21)
FN:340,(anonymous_22)
FN:346,(anonymous_23)
FN:353,(anonymous_24)
FN:364,(anonymous_25)
FN:365,(anonymous_26)
FN:366,(anonymous_27)
FN:367,(anonymous_28)
FNF:28
FNH:0
FNDA:0,(anonymous_1)
FNDA:0,(anonymous_2)
FNDA:0,(anonymous_3)
FNDA:0,(anonymous_4)
FNDA:0,(anonymous_5)
FNDA:0,(anonymous_6)
FNDA:0,(anonymous_7)
FNDA:0,(anonymous_8)
FNDA:0,(anonymous_9)
FNDA:0,(anonymous_10)
FNDA:0,(anonymous_11)
FNDA:0,(anonymous_12)
FNDA:0,(anonymous_13)
FNDA:0,(anonymous_14)
FNDA:0,(anonymous_15)
FNDA:0,(anonymous_16)
FNDA:0,(anonymous_17)
FNDA:0,(anonymous_18)
FNDA:0,(anonymous_19)
FNDA:0,(anonymous_20)
FNDA:0,(anonymous_21)
FNDA:0,(anonymous_22)
FNDA:0,(anonymous_23)
FNDA:0,(anonymous_24)
FNDA:0,(anonymous_25)
FNDA:0,(anonymous_26)
FNDA:0,(anonymous_27)
FNDA:0,(anonymous_28)
DA:1,0
DA:2,0
DA:19,0
DA:20,0
DA:21,0
DA:22,0
DA:25,0
DA:29,0
DA:31,0
DA:32,0
DA:34,0
DA:41,0
DA:42,0
DA:44,0
DA:49,0
DA:50,0
DA:51,0
DA:54,0
DA:55,0
DA:56,0
DA:59,0
DA:60,0
DA:62,0
DA:63,0
DA:65,0
DA:68,0
DA:75,0
DA:77,0
DA:78,0
DA:83,0
DA:84,0
DA:85,0
DA:87,0
DA:88,0
DA:89,0
DA:92,0
DA:93,0
DA:95,0
DA:96,0
DA:98,0
DA:100,0
DA:101,0
DA:106,0
DA:108,0
DA:109,0
DA:111,0
DA:119,0
DA:120,0
DA:121,0
DA:122,0
DA:126,0
DA:127,0
DA:128,0
DA:130,0
DA:131,0
DA:136,0
DA:138,0
DA:139,0
DA:140,0
DA:145,0
DA:147,0
DA:148,0
DA:153,0
DA:154,0
DA:155,0
DA:168,0
DA:170,0
DA:171,0
DA:180,0
DA:181,0
DA:183,0
DA:184,0
DA:185,0
DA:186,0
DA:187,0
DA:190,0
DA:194,0
DA:202,0
DA:205,0
DA:211,0
DA:212,0
DA:217,0
DA:220,0
DA:221,0
DA:227,0
DA:228,0
DA:233,0
DA:234,0
DA:235,0
DA:237,0
DA:238,0
DA:239,0
DA:240,0
DA:248,0
DA:249,0
DA:250,0
DA:252,0
DA:253,0
DA:258,0
DA:259,0
DA:261,0
DA:262,0
DA:263,0
DA:264,0
DA:268,0
DA:269,0
DA:271,0
DA:272,0
DA:283,0
DA:284,0
DA:285,0
DA:286,0
DA:287,0
DA:289,0
DA:291,0
DA:292,0
DA:295,0
DA:296,0
DA:299,0
DA:307,0
DA:308,0
DA:319,0
DA:320,0
DA:321,0
DA:323,0
DA:325,0
DA:330,0
DA:336,0
DA:341,0
DA:347,0
DA:354,0
DA:361,0
DA:364,0
DA:365,0
DA:366,0
DA:367,0
LF:136
LH:0
BRDA:50,0,0,0
BRDA:55,1,0,0
BRDA:88,2,0,0
BRDA:119,3,0,0
BRDA:121,4,0,0
BRDA:139,5,0,0
BRDA:152,6,0,0
BRDA:154,7,0,0
BRDA:154,8,0,0
BRDA:154,8,1,0
BRDA:186,9,0,0
BRDA:195,10,0,0
BRDA:195,10,1,0
BRDA:221,11,0,0
BRDA:221,11,1,0
BRDA:221,11,2,0
BRDA:221,11,3,0
BRDA:239,12,0,0
BRDA:262,13,0,0
BRDA:262,14,0,0
BRDA:262,14,1,0
BRDA:291,15,0,0
BRDA:295,16,0,0
BRDA:303,17,0,0
BRDA:303,17,1,0
BRDA:323,18,0,0
BRDA:330,19,0,0
BRDA:330,19,1,0
BRDA:330,19,2,0
BRDA:336,20,0,0
BRDA:336,20,1,0
BRDA:341,21,0,0
BRDA:341,21,1,0
BRDA:341,21,2,0
BRF:34
BRH:0
end_of_record
TN:
SF:src/webhooks/webhookRoutes.ts
FN:16,(anonymous_1)
FN:63,(anonymous_2)
FN:88,(anonymous_3)
FN:136,(anonymous_4)
FN:160,(anonymous_5)
FN:182,(anonymous_6)
FN:188,(anonymous_7)
FN:189,(anonymous_8)
FN:192,(anonymous_9)
FN:194,(anonymous_10)
FN:203,(anonymous_11)
FN:224,(anonymous_12)
FN:271,(anonymous_13)
FNF:13
FNH:0
FNDA:0,(anonymous_1)
FNDA:0,(anonymous_2)
FNDA:0,(anonymous_3)
FNDA:0,(anonymous_4)
FNDA:0,(anonymous_5)
FNDA:0,(anonymous_6)
FNDA:0,(anonymous_7)
FNDA:0,(anonymous_8)
FNDA:0,(anonymous_9)
FNDA:0,(anonymous_10)
FNDA:0,(anonymous_11)
FNDA:0,(anonymous_12)
FNDA:0,(anonymous_13)
DA:1,0
DA:2,0
DA:3,0
DA:5,0
DA:6,0
DA:8,0
DA:11,0
DA:17,0
DA:18,0
DA:19,0
DA:20,0
DA:27,0
DA:28,0
DA:30,0
DA:37,0
DA:39,0
DA:40,0
DA:45,0
DA:51,0
DA:52,0
DA:60,0
DA:64,0
DA:65,0
DA:66,0
DA:67,0
DA:70,0
DA:72,0
DA:73,0
DA:75,0
DA:78,0
DA:79,0
DA:84,0
DA:89,0
DA:90,0
DA:91,0
DA:92,0
DA:99,0
DA:101,0
DA:108,0
DA:110,0
DA:111,0
DA:116,0
DA:122,0
DA:123,0
DA:131,0
DA:137,0
DA:138,0
DA:140,0
DA:142,0
DA:148,0
DA:149,0
DA:157,0
DA:161,0
DA:162,0
DA:164,0
DA:165,0
DA:170,0
DA:176,0
DA:177,0
DA:182,0
DA:183,0
DA:184,0
DA:186,0
DA:188,0
DA:189,0
DA:192,0
DA:194,0
DA:203,0
DA:204,0
DA:207,0
DA:212,0
DA:213,0
DA:221,0
DA:225,0
DA:226,0
DA:227,0
DA:228,0
DA:235,0
DA:237,0
DA:244,0
DA:246,0
DA:247,0
DA:253,0
DA:259,0
DA:260,0
DA:268,0
DA:272,0
DA:273,0
DA:280,0
DA:282,0
DA:283,0
DA:287,0
LF:92
LH:0
BRDA:19,0,0,0
BRDA:39,1,0,0
BRDA:39,1,1,0
BRDA:66,2,0,0
BRDA:72,3,0,0
BRDA:72,3,1,0
BRDA:91,4,0,0
BRDA:110,5,0,0
BRDA:110,5,1,0
BRDA:138,6,0,0
BRDA:138,6,1,0
BRDA:164,7,0,0
BRDA:164,7,1,0
BRDA:204,8,0,0
BRDA:204,8,1,0
BRDA:227,9,0,0
BRDA:246,10,0,0
BRDA:246,10,1,0
BRDA:274,11,0,0
BRDA:274,11,1,0
BRDA:275,12,0,0
BRDA:275,12,1,0
BRF:22
BRH:0
end_of_record
TN:
SF:src/webhooks/webhookService.ts
FN:23,(anonymous_1)
FN:28,(anonymous_2)
FN:44,(anonymous_3)
FN:49,(anonymous_4)
FN:76,(anonymous_5)
FN:105,(anonymous_6)
FN:117,(anonymous_7)
FN:131,(anonymous_8)
FN:158,(anonymous_9)
FN:184,(anonymous_10)
FN:206,(anonymous_11)
FN:228,(anonymous_12)
FN:251,(anonymous_13)
FN:268,(anonymous_14)
FN:291,(anonymous_15)
FN:320,(anonymous_16)
FN:328,(anonymous_17)
FN:338,(anonymous_18)
FN:343,(anonymous_19)
FN:344,(anonymous_20)
FN:349,(anonymous_21)
FN:356,(anonymous_22)
FNF:22
FNH:0
FNDA:0,(anonymous_1)
FNDA:0,(anonymous_2)
FNDA:0,(anonymous_3)
FNDA:0,(anonymous_4)
FNDA:0,(anonymous_5)
FNDA:0,(anonymous_6)
FNDA:0,(anonymous_7)
FNDA:0,(anonymous_8)
FNDA:0,(anonymous_9)
FNDA:0,(anonymous_10)
FNDA:0,(anonymous_11)
FNDA:0,(anonymous_12)
FNDA:0,(anonymous_13)
FNDA:0,(anonymous_14)
FNDA:0,(anonymous_15)
FNDA:0,(anonymous_16)
FNDA:0,(anonymous_17)
FNDA:0,(anonymous_18)
FNDA:0,(anonymous_19)
FNDA:0,(anonymous_20)
FNDA:0,(anonymous_21)
FNDA:0,(anonymous_22)
DA:1,0
DA:2,0
DA:3,0
DA:19,0
DA:20,0
DA:24,0
DA:25,0
DA:30,0
DA:31,0
DA:32,0
DA:33,0
DA:36,0
DA:37,0
DA:40,0
DA:41,0
DA:45,0
DA:46,0
DA:50,0
DA:52,0
DA:53,0
DA:54,0
DA:58,0
DA:61,0
DA:62,0
DA:63,0
DA:64,0
DA:65,0
DA:67,0
DA:68,0
DA:71,0
DA:72,0
DA:77,0
DA:78,0
DA:80,0
DA:82,0
DA:83,0
DA:85,0
DA:86,0
DA:88,0
DA:89,0
DA:91,0
DA:92,0
DA:94,0
DA:95,0
DA:98,0
DA:100,0
DA:101,0
DA:106,0
DA:111,0
DA:118,0
DA:119,0
DA:126,0
DA:132,0
DA:133,0
DA:136,0
DA:143,0
DA:152,0
DA:154,0
DA:159,0
DA:160,0
DA:163,0
DA:170,0
DA:178,0
DA:180,0
DA:185,0
DA:186,0
DA:189,0
DA:190,0
DA:191,0
DA:192,0
DA:200,0
DA:202,0
DA:207,0
DA:208,0
DA:211,0
DA:212,0
DA:213,0
DA:214,0
DA:222,0
DA:224,0
DA:229,0
DA:230,0
DA:233,0
DA:245,0
DA:247,0
DA:252,0
DA:253,0
DA:256,0
DA:262,0
DA:264,0
DA:269,0
DA:270,0
DA:273,0
DA:280,0
DA:285,0
DA:287,0
DA:292,0
DA:293,0
DA:296,0
DA:297,0
DA:299,0
DA:300,0
DA:301,0
DA:302,0
DA:304,0
DA:305,0
DA:307,0
DA:314,0
DA:316,0
DA:321,0
DA:322,0
DA:328,0
DA:333,0
DA:334,0
DA:339,0
DA:341,0
DA:343,0
DA:344,0
DA:349,0
DA:350,0
DA:353,0
DA:357,0
DA:358,0
DA:363,0
DA:364,0
DA:365,0
DA:367,0
DA:368,0
DA:369,0
DA:370,0
DA:371,0
DA:372,0
DA:376,0
DA:378,0
DA:380,0
DA:382,0
DA:383,0
DA:384,0
DA:388,0
DA:389,0
DA:391,0
DA:392,0
DA:403,0
LF:143
LH:0
BRDA:24,0,0,0
BRDA:24,0,1,0
BRDA:52,1,0,0
BRDA:52,2,0,0
BRDA:52,2,1,0
BRDA:62,3,0,0
BRDA:62,3,1,0
BRDA:80,4,0,0
BRDA:80,4,1,0
BRDA:80,4,2,0
BRDA:80,4,3,0
BRDA:80,4,4,0
BRDA:190,5,0,0
BRDA:190,6,0,0
BRDA:190,6,1,0
BRDA:212,7,0,0
BRDA:212,8,0,0
BRDA:212,8,1,0
BRDA:299,9,0,0
BRDA:301,10,0,0
BRDA:301,10,1,0
BRDA:302,11,0,0
BRDA:302,11,1,0
BRDA:320,12,0,0
BRDA:350,13,0,0
BRDA:350,13,1,0
BRDA:371,14,0,0
BRDA:371,14,1,0
BRF:28
BRH:0
end_of_record
